[2025-10-16T00:51:13.819+0000] {local_task_job_runner.py:120} INFO - ::group::Pre task execution logs
[2025-10-16T00:51:13.893+0000] {taskinstance.py:2076} INFO - Dependencies all met for dep_context=non-requeueable deps ti=<TaskInstance: openbrewery_medallion.fetch_bronze scheduled__2025-10-15T00:00:00+00:00 [queued]>
[2025-10-16T00:51:13.910+0000] {taskinstance.py:2076} INFO - Dependencies all met for dep_context=requeueable deps ti=<TaskInstance: openbrewery_medallion.fetch_bronze scheduled__2025-10-15T00:00:00+00:00 [queued]>
[2025-10-16T00:51:13.911+0000] {taskinstance.py:2306} INFO - Starting attempt 3 of 3
[2025-10-16T00:51:13.950+0000] {taskinstance.py:2330} INFO - Executing <Task(PythonOperator): fetch_bronze> on 2025-10-15 00:00:00+00:00
[2025-10-16T00:51:13.978+0000] {logging_mixin.py:188} WARNING - /home/***/.local/lib/python3.12/site-packages/***/task/task_runner/standard_task_runner.py:62 DeprecationWarning: This process (pid=2819) is multi-threaded, use of fork() may lead to deadlocks in the child.
[2025-10-16T00:51:13.981+0000] {standard_task_runner.py:64} INFO - Started process 2821 to run task
[2025-10-16T00:51:13.969+0000] {standard_task_runner.py:90} INFO - Running: ['***', 'tasks', 'run', 'openbrewery_medallion', 'fetch_bronze', 'scheduled__2025-10-15T00:00:00+00:00', '--job-id', '13', '--raw', '--subdir', 'DAGS_FOLDER/openbrewery_dag.py', '--cfg-path', '/tmp/tmpfel7wewf']
[2025-10-16T00:51:13.986+0000] {standard_task_runner.py:91} INFO - Job 13: Subtask fetch_bronze
[2025-10-16T00:51:14.113+0000] {task_command.py:426} INFO - Running <TaskInstance: openbrewery_medallion.fetch_bronze scheduled__2025-10-15T00:00:00+00:00 [running]> on host 0b16638971ee
[2025-10-16T00:51:14.558+0000] {taskinstance.py:2648} INFO - Exporting env vars: AIRFLOW_CTX_DAG_EMAIL='marinalvinhaes@gmail.com' AIRFLOW_CTX_DAG_OWNER='***' AIRFLOW_CTX_DAG_ID='openbrewery_medallion' AIRFLOW_CTX_TASK_ID='fetch_bronze' AIRFLOW_CTX_EXECUTION_DATE='2025-10-15T00:00:00+00:00' AIRFLOW_CTX_TRY_NUMBER='3' AIRFLOW_CTX_DAG_RUN_ID='scheduled__2025-10-15T00:00:00+00:00'
[2025-10-16T00:51:14.560+0000] {taskinstance.py:430} INFO - ::endgroup::
[2025-10-16T00:51:14.937+0000] {fetcher.py:37} INFO - Fetched page 1, items=50
[2025-10-16T00:51:15.274+0000] {fetcher.py:37} INFO - Fetched page 2, items=50
[2025-10-16T00:51:15.676+0000] {fetcher.py:37} INFO - Fetched page 3, items=50
[2025-10-16T00:51:15.985+0000] {fetcher.py:37} INFO - Fetched page 4, items=50
[2025-10-16T00:51:16.282+0000] {fetcher.py:37} INFO - Fetched page 5, items=50
[2025-10-16T00:51:16.583+0000] {fetcher.py:37} INFO - Fetched page 6, items=50
[2025-10-16T00:51:16.914+0000] {fetcher.py:37} INFO - Fetched page 7, items=50
[2025-10-16T00:51:17.227+0000] {fetcher.py:37} INFO - Fetched page 8, items=50
[2025-10-16T00:51:17.529+0000] {fetcher.py:37} INFO - Fetched page 9, items=50
[2025-10-16T00:51:17.868+0000] {fetcher.py:37} INFO - Fetched page 10, items=50
[2025-10-16T00:51:18.245+0000] {fetcher.py:37} INFO - Fetched page 11, items=50
[2025-10-16T00:51:18.654+0000] {fetcher.py:37} INFO - Fetched page 12, items=50
[2025-10-16T00:51:19.069+0000] {fetcher.py:37} INFO - Fetched page 13, items=50
[2025-10-16T00:51:19.472+0000] {fetcher.py:37} INFO - Fetched page 14, items=50
[2025-10-16T00:51:19.800+0000] {fetcher.py:37} INFO - Fetched page 15, items=50
[2025-10-16T00:51:20.190+0000] {fetcher.py:37} INFO - Fetched page 16, items=50
[2025-10-16T00:51:20.599+0000] {fetcher.py:37} INFO - Fetched page 17, items=50
[2025-10-16T00:51:20.905+0000] {fetcher.py:37} INFO - Fetched page 18, items=50
[2025-10-16T00:51:21.587+0000] {fetcher.py:37} INFO - Fetched page 19, items=50
[2025-10-16T00:51:21.930+0000] {fetcher.py:37} INFO - Fetched page 20, items=50
[2025-10-16T00:51:22.251+0000] {fetcher.py:37} INFO - Fetched page 21, items=50
[2025-10-16T00:51:22.646+0000] {fetcher.py:37} INFO - Fetched page 22, items=50
[2025-10-16T00:51:23.058+0000] {fetcher.py:37} INFO - Fetched page 23, items=50
[2025-10-16T00:51:23.469+0000] {fetcher.py:37} INFO - Fetched page 24, items=50
[2025-10-16T00:51:23.777+0000] {fetcher.py:37} INFO - Fetched page 25, items=50
[2025-10-16T00:51:24.124+0000] {fetcher.py:37} INFO - Fetched page 26, items=50
[2025-10-16T00:51:24.440+0000] {fetcher.py:37} INFO - Fetched page 27, items=50
[2025-10-16T00:51:24.798+0000] {fetcher.py:37} INFO - Fetched page 28, items=50
[2025-10-16T00:51:25.207+0000] {fetcher.py:37} INFO - Fetched page 29, items=50
[2025-10-16T00:51:25.618+0000] {fetcher.py:37} INFO - Fetched page 30, items=50
[2025-10-16T00:51:26.010+0000] {fetcher.py:37} INFO - Fetched page 31, items=50
[2025-10-16T00:51:26.436+0000] {fetcher.py:37} INFO - Fetched page 32, items=50
[2025-10-16T00:51:26.845+0000] {fetcher.py:37} INFO - Fetched page 33, items=50
[2025-10-16T00:51:27.207+0000] {fetcher.py:37} INFO - Fetched page 34, items=50
[2025-10-16T00:51:27.667+0000] {fetcher.py:37} INFO - Fetched page 35, items=50
[2025-10-16T00:51:27.995+0000] {fetcher.py:37} INFO - Fetched page 36, items=50
[2025-10-16T00:51:28.327+0000] {fetcher.py:37} INFO - Fetched page 37, items=50
[2025-10-16T00:51:28.631+0000] {fetcher.py:37} INFO - Fetched page 38, items=50
[2025-10-16T00:51:29.006+0000] {fetcher.py:37} INFO - Fetched page 39, items=50
[2025-10-16T00:51:29.313+0000] {fetcher.py:37} INFO - Fetched page 40, items=50
[2025-10-16T00:51:29.714+0000] {fetcher.py:37} INFO - Fetched page 41, items=50
[2025-10-16T00:51:30.021+0000] {fetcher.py:37} INFO - Fetched page 42, items=50
[2025-10-16T00:51:30.430+0000] {fetcher.py:37} INFO - Fetched page 43, items=50
[2025-10-16T00:51:30.837+0000] {fetcher.py:37} INFO - Fetched page 44, items=50
[2025-10-16T00:51:31.251+0000] {fetcher.py:37} INFO - Fetched page 45, items=50
[2025-10-16T00:51:31.660+0000] {fetcher.py:37} INFO - Fetched page 46, items=50
[2025-10-16T00:51:32.070+0000] {fetcher.py:37} INFO - Fetched page 47, items=50
[2025-10-16T00:51:32.478+0000] {fetcher.py:37} INFO - Fetched page 48, items=50
[2025-10-16T00:51:32.887+0000] {fetcher.py:37} INFO - Fetched page 49, items=50
[2025-10-16T00:51:33.297+0000] {fetcher.py:37} INFO - Fetched page 50, items=50
[2025-10-16T00:51:33.604+0000] {fetcher.py:37} INFO - Fetched page 51, items=50
[2025-10-16T00:51:34.028+0000] {fetcher.py:37} INFO - Fetched page 52, items=50
[2025-10-16T00:51:34.433+0000] {fetcher.py:37} INFO - Fetched page 53, items=50
[2025-10-16T00:51:34.743+0000] {fetcher.py:37} INFO - Fetched page 54, items=50
[2025-10-16T00:51:35.138+0000] {fetcher.py:37} INFO - Fetched page 55, items=50
[2025-10-16T00:51:35.419+0000] {fetcher.py:37} INFO - Fetched page 56, items=50
[2025-10-16T00:51:35.753+0000] {fetcher.py:37} INFO - Fetched page 57, items=50
[2025-10-16T00:51:36.097+0000] {fetcher.py:37} INFO - Fetched page 58, items=50
[2025-10-16T00:51:36.398+0000] {fetcher.py:37} INFO - Fetched page 59, items=50
[2025-10-16T00:51:36.777+0000] {fetcher.py:37} INFO - Fetched page 60, items=50
[2025-10-16T00:51:37.188+0000] {fetcher.py:37} INFO - Fetched page 61, items=50
[2025-10-16T00:51:37.275+0000] {fetcher.py:37} INFO - Fetched page 62, items=50
[2025-10-16T00:51:37.714+0000] {fetcher.py:37} INFO - Fetched page 63, items=50
[2025-10-16T00:51:38.034+0000] {fetcher.py:37} INFO - Fetched page 64, items=50
[2025-10-16T00:51:38.416+0000] {fetcher.py:37} INFO - Fetched page 65, items=50
[2025-10-16T00:51:38.717+0000] {fetcher.py:37} INFO - Fetched page 66, items=50
[2025-10-16T00:51:39.059+0000] {fetcher.py:37} INFO - Fetched page 67, items=50
[2025-10-16T00:51:39.445+0000] {fetcher.py:37} INFO - Fetched page 68, items=50
[2025-10-16T00:51:39.849+0000] {fetcher.py:37} INFO - Fetched page 69, items=50
[2025-10-16T00:51:40.180+0000] {fetcher.py:37} INFO - Fetched page 70, items=50
[2025-10-16T00:51:40.443+0000] {fetcher.py:37} INFO - Fetched page 71, items=50
[2025-10-16T00:51:40.748+0000] {fetcher.py:37} INFO - Fetched page 72, items=50
[2025-10-16T00:51:41.091+0000] {fetcher.py:37} INFO - Fetched page 73, items=50
[2025-10-16T00:51:41.396+0000] {fetcher.py:37} INFO - Fetched page 74, items=50
[2025-10-16T00:51:59.022+0000] {fetcher.py:37} INFO - Fetched page 75, items=50
[2025-10-16T00:52:47.974+0000] {fetcher.py:37} INFO - Fetched page 76, items=50
[2025-10-16T00:53:51.623+0000] {taskinstance.py:441} INFO - ::group::Post task execution logs
[2025-10-16T00:53:51.658+0000] {taskinstance.py:2905} ERROR - Task failed with exception
Traceback (most recent call last):
  File "/home/airflow/.local/lib/python3.12/site-packages/urllib3/connectionpool.py", line 468, in _make_request
    self._validate_conn(conn)
  File "/home/airflow/.local/lib/python3.12/site-packages/urllib3/connectionpool.py", line 1097, in _validate_conn
    conn.connect()
  File "/home/airflow/.local/lib/python3.12/site-packages/urllib3/connection.py", line 642, in connect
    sock_and_verified = _ssl_wrap_socket_and_match_hostname(
                        ^^^^^^^^^^^^^^^^^^^^^^^^^^^^^^^^^^^^
  File "/home/airflow/.local/lib/python3.12/site-packages/urllib3/connection.py", line 783, in _ssl_wrap_socket_and_match_hostname
    ssl_sock = ssl_wrap_socket(
               ^^^^^^^^^^^^^^^^
  File "/home/airflow/.local/lib/python3.12/site-packages/urllib3/util/ssl_.py", line 471, in ssl_wrap_socket
    ssl_sock = _ssl_wrap_socket_impl(sock, context, tls_in_tls, server_hostname)
               ^^^^^^^^^^^^^^^^^^^^^^^^^^^^^^^^^^^^^^^^^^^^^^^^^^^^^^^^^^^^^^^^^
  File "/home/airflow/.local/lib/python3.12/site-packages/urllib3/util/ssl_.py", line 515, in _ssl_wrap_socket_impl
    return ssl_context.wrap_socket(sock, server_hostname=server_hostname)
           ^^^^^^^^^^^^^^^^^^^^^^^^^^^^^^^^^^^^^^^^^^^^^^^^^^^^^^^^^^^^^^
  File "/usr/local/lib/python3.12/ssl.py", line 455, in wrap_socket
    return self.sslsocket_class._create(
           ^^^^^^^^^^^^^^^^^^^^^^^^^^^^^
  File "/usr/local/lib/python3.12/ssl.py", line 1042, in _create
    self.do_handshake()
  File "/usr/local/lib/python3.12/ssl.py", line 1320, in do_handshake
    self._sslobj.do_handshake()
ssl.SSLEOFError: [SSL: UNEXPECTED_EOF_WHILE_READING] EOF occurred in violation of protocol (_ssl.c:1000)

During handling of the above exception, another exception occurred:

Traceback (most recent call last):
  File "/home/airflow/.local/lib/python3.12/site-packages/urllib3/connectionpool.py", line 791, in urlopen
    response = self._make_request(
               ^^^^^^^^^^^^^^^^^^^
  File "/home/airflow/.local/lib/python3.12/site-packages/urllib3/connectionpool.py", line 492, in _make_request
    raise new_e
urllib3.exceptions.SSLError: [SSL: UNEXPECTED_EOF_WHILE_READING] EOF occurred in violation of protocol (_ssl.c:1000)

The above exception was the direct cause of the following exception:

Traceback (most recent call last):
  File "/home/airflow/.local/lib/python3.12/site-packages/requests/adapters.py", line 667, in send
    resp = conn.urlopen(
           ^^^^^^^^^^^^^
  File "/home/airflow/.local/lib/python3.12/site-packages/urllib3/connectionpool.py", line 845, in urlopen
    retries = retries.increment(
              ^^^^^^^^^^^^^^^^^^
  File "/home/airflow/.local/lib/python3.12/site-packages/urllib3/util/retry.py", line 515, in increment
    raise MaxRetryError(_pool, url, reason) from reason  # type: ignore[arg-type]
    ^^^^^^^^^^^^^^^^^^^^^^^^^^^^^^^^^^^^^^^^^^^^^^^^^^^
urllib3.exceptions.MaxRetryError: HTTPSConnectionPool(host='api.openbrewerydb.org', port=443): Max retries exceeded with url: /v1/breweries?page=77&per_page=50 (Caused by SSLError(SSLEOFError(8, '[SSL: UNEXPECTED_EOF_WHILE_READING] EOF occurred in violation of protocol (_ssl.c:1000)')))

During handling of the above exception, another exception occurred:

Traceback (most recent call last):
  File "/home/airflow/.local/lib/python3.12/site-packages/airflow/models/taskinstance.py", line 465, in _execute_task
    result = _execute_callable(context=context, **execute_callable_kwargs)
             ^^^^^^^^^^^^^^^^^^^^^^^^^^^^^^^^^^^^^^^^^^^^^^^^^^^^^^^^^^^^^
  File "/home/airflow/.local/lib/python3.12/site-packages/airflow/models/taskinstance.py", line 432, in _execute_callable
    return execute_callable(context=context, **execute_callable_kwargs)
           ^^^^^^^^^^^^^^^^^^^^^^^^^^^^^^^^^^^^^^^^^^^^^^^^^^^^^^^^^^^^
  File "/home/airflow/.local/lib/python3.12/site-packages/airflow/models/baseoperator.py", line 401, in wrapper
    return func(self, *args, **kwargs)
           ^^^^^^^^^^^^^^^^^^^^^^^^^^^
  File "/home/airflow/.local/lib/python3.12/site-packages/airflow/operators/python.py", line 235, in execute
    return_value = self.execute_callable()
                   ^^^^^^^^^^^^^^^^^^^^^^^
  File "/home/airflow/.local/lib/python3.12/site-packages/airflow/operators/python.py", line 252, in execute_callable
    return self.python_callable(*self.op_args, **self.op_kwargs)
           ^^^^^^^^^^^^^^^^^^^^^^^^^^^^^^^^^^^^^^^^^^^^^^^^^^^^^
  File "/opt/airflow/dags/openbrewery_dag.py", line 46, in task_fetch
    return run_fetch_and_persist(bronze_dir=BRONZE_DIR)
           ^^^^^^^^^^^^^^^^^^^^^^^^^^^^^^^^^^^^^^^^^^^^
  File "/opt/airflow/dags/fetcher.py", line 60, in run_fetch_and_persist
    data = fetch_all_breweries()
           ^^^^^^^^^^^^^^^^^^^^^
  File "/opt/airflow/dags/fetcher.py", line 23, in fetch_all_breweries
    resp = requests.get(API_BASE, params=params, timeout=30)
           ^^^^^^^^^^^^^^^^^^^^^^^^^^^^^^^^^^^^^^^^^^^^^^^^^
  File "/home/airflow/.local/lib/python3.12/site-packages/requests/api.py", line 73, in get
    return request("get", url, params=params, **kwargs)
           ^^^^^^^^^^^^^^^^^^^^^^^^^^^^^^^^^^^^^^^^^^^^
  File "/home/airflow/.local/lib/python3.12/site-packages/requests/api.py", line 59, in request
    return session.request(method=method, url=url, **kwargs)
           ^^^^^^^^^^^^^^^^^^^^^^^^^^^^^^^^^^^^^^^^^^^^^^^^^
  File "/home/airflow/.local/lib/python3.12/site-packages/requests/sessions.py", line 589, in request
    resp = self.send(prep, **send_kwargs)
           ^^^^^^^^^^^^^^^^^^^^^^^^^^^^^^
  File "/home/airflow/.local/lib/python3.12/site-packages/requests/sessions.py", line 703, in send
    r = adapter.send(request, **kwargs)
        ^^^^^^^^^^^^^^^^^^^^^^^^^^^^^^^
  File "/home/airflow/.local/lib/python3.12/site-packages/requests/adapters.py", line 698, in send
    raise SSLError(e, request=request)
requests.exceptions.SSLError: HTTPSConnectionPool(host='api.openbrewerydb.org', port=443): Max retries exceeded with url: /v1/breweries?page=77&per_page=50 (Caused by SSLError(SSLEOFError(8, '[SSL: UNEXPECTED_EOF_WHILE_READING] EOF occurred in violation of protocol (_ssl.c:1000)')))
[2025-10-16T00:53:52.232+0000] {taskinstance.py:1206} INFO - Marking task as FAILED. dag_id=openbrewery_medallion, task_id=fetch_bronze, run_id=scheduled__2025-10-15T00:00:00+00:00, execution_date=20251015T000000, start_date=20251016T005113, end_date=20251016T005352
[2025-10-16T00:53:52.308+0000] {standard_task_runner.py:110} ERROR - Failed to execute job 13 for task fetch_bronze (HTTPSConnectionPool(host='api.openbrewerydb.org', port=443): Max retries exceeded with url: /v1/breweries?page=77&per_page=50 (Caused by SSLError(SSLEOFError(8, '[SSL: UNEXPECTED_EOF_WHILE_READING] EOF occurred in violation of protocol (_ssl.c:1000)'))); 2821)
[2025-10-16T00:53:52.339+0000] {local_task_job_runner.py:243} INFO - Task exited with return code 1
[2025-10-16T00:53:52.392+0000] {taskinstance.py:3503} INFO - 0 downstream tasks scheduled from follow-on schedule check
[2025-10-16T00:53:52.406+0000] {local_task_job_runner.py:222} INFO - ::endgroup::
